<?xml version="1.0" encoding="UTF-8"?>
<!-- Generated by org.testng.reporters.JUnitReportReporter -->
<testsuite hostname="DESKTOP-H7U3H9L" failures="0" tests="4" name="TestNG.script03" time="0.033" errors="0" timestamp="2024-11-27T12:06:49 IST" skipped="0">
  <testcase classname="TestNG.script03" name="signup" time="0.019">
    <system-out>
      <![CDATA[signup is successfull]]>
    </system-out>
  </testcase> <!-- signup -->
  <testcase classname="TestNG.script03" name="login" time="0.005">
    <system-out>
      <![CDATA[login is successfull]]>
    </system-out>
  </testcase> <!-- login -->
  <testcase classname="TestNG.script03" name="logout" time="0.005">
    <system-out>
      <![CDATA[logout is successfull]]>
    </system-out>
  </testcase> <!-- logout -->
  <testcase classname="TestNG.script03" name="homepage" time="0.004">
    <system-out>
      <![CDATA[homepage is successfull]]>
    </system-out>
  </testcase> <!-- homepage -->
  <system-out>
    <![CDATA[signup is successfull
login is successfull
logout is successfull
homepage is successfull]]>
  </system-out>
</testsuite> <!-- TestNG.script03 -->
