<?xml version="1.0" encoding="UTF-8"?>
<!-- Generated by org.testng.reporters.JUnitReportReporter -->
<testsuite hostname="DESKTOP-H7U3H9L" failures="0" tests="1" name="TestScript.Testcase03" time="7.002" errors="0" timestamp="2024-11-28T15:39:25 IST" skipped="0">
  <testcase classname="TestScript.Testcase03" name="title" time="7.002"/>
</testsuite> <!-- TestScript.Testcase03 -->
