<?xml version="1.0" encoding="UTF-8"?>
<!-- Generated by org.testng.reporters.JUnitReportReporter -->
<testsuite hostname="DESKTOP-H7U3H9L" failures="0" tests="2" name="TestNG.Script01" time="0.038" errors="0" timestamp="2024-11-27T11:50:02 IST" skipped="0">
  <testcase classname="TestNG.Script01" name="testcase" time="0.011">
    <system-out>
      <![CDATA[Hello]]>
    </system-out>
  </testcase> <!-- testcase -->
  <testcase classname="TestNG.Script01" name="testcase1" time="0.027">
    <system-out>
      <![CDATA[Good morning]]>
    </system-out>
  </testcase> <!-- testcase1 -->
  <system-out>
    <![CDATA[Hello
Good morning]]>
  </system-out>
</testsuite> <!-- TestNG.Script01 -->
