<?xml version="1.0" encoding="UTF-8"?>
<!-- Generated by org.testng.reporters.JUnitReportReporter -->
<testsuite hostname="DESKTOP-H7U3H9L" failures="0" tests="3" name="TestNG.Script02" time="0.019" errors="0" timestamp="2024-11-27T11:52:45 IST" skipped="0">
  <testcase classname="TestNG.Script02" name="signup" time="0.003"/>
  <testcase classname="TestNG.Script02" name="signup" time="0.003"/>
  <testcase classname="TestNG.Script02" name="homepage" time="0.013"/>
</testsuite> <!-- TestNG.Script02 -->
